The certificate for https://www.artisticlightinglightz.com
 expires in 237 days.
The certificate for https://mail.belamiinc.com
 expires in 312 days.
The certificate for https://www.accesslightingexperts.com
 expires in 150 days.
The certificate for https://www.bathroomlightingexperts.com
 expires in 255 days.
The certificate for https://www.chandelierlightingexperts.com
 expires in 255 days.
The certificate for https://www.clearanceLightingexperts.com
 expires in 240 days.
The certificate for https://www.crystalchandelierlights.com
 expires in 255 days.
The certificate for https://www.crystoramalights.com
 expires in 150 days.
The certificate for https://www.dolandesignlights.com
 expires in 150 days.
The certificate for https://www.ellingtonceilingfan.com
 expires in 1042 days.
The certificate for https://www.emersonfanexperts.com
 expires in 1042 days.
The certificate for https://www.energysavinglightingexperts.com
 expires in -357 days.
The certificate for https://www.landscapelightingatnight.com
 expires in 197 days.
The certificate for https://www.lbllights.com
 expires in 150 days.
The certificate for https://www.quorumlightingexperts.com
 expires in 162 days.
The certificate for https://www.SolarLightingExperts.com
 expires in 135 days.
The certificate for https://www.homelightingvalue.com
 expires in 150 days.
The certificate for https://www.tiffanylamplight.com
 expires in 274 days.
The certificate for https://www.waclightingexperts.com
 expires in 162 days.
The certificate for https://www.1stoplighting.com
 expires in 150 days.
The certificate for https://www.1stoplightingpro.com
 expires in 439 days.
The certificate for https://www.besalightingexperts.com
 expires in 150 days.
The certificate for https://www.craftmadefansolutions.com
 expires in 150 days.
The certificate for https://www.designersfountainlights.com
 expires in 150 days.
The certificate for https://www.ElkLightingLight.com
 expires in 150 days.
The certificate for https://www.finelightingdesigns.com
 expires in 144 days.
The certificate for https://www.forecastlights.com
 expires in 150 days.
The certificate for https://www.goldenlightinglights.com
 expires in 150 days.
The certificate for https://www.handforgedlighting.com
 expires in 144 days.
The certificate for https://www.hinkleylightingexperts.com
 expires in 150 days.
The certificate for https://www.holtkotterlightingpros.com
 expires in 277 days.
The certificate for https://www.homelightingspace.com
 expires in 162 days.
The certificate for https://www.justicedesignlight.com
 expires in 150 days.
The certificate for https://www.kichlerlightingexperts.com
 expires in 150 days.
The certificate for https://www.litesourcelight.com
 expires in 150 days.
The certificate for https://www.maximlight.com
 expires in 150 days.
The certificate for https://www.montecarlofanlights.com
 expires in 349 days.
The certificate for https://www.murrayfeisslight.com
 expires in 351 days.
The certificate for https://www.quoizellightingexperts.com
 expires in 162 days.
The certificate for https://www.savoyhouselights.com
 expires in 162 days.
The certificate for https://www.callightingexperts.com
 expires in 69 days.
The certificate for https://www.casablancafanexperts.com
 expires in 155 days.
The certificate for https://www.clevelandlighting.com
 expires in 155 days.
The certificate for https://www.duckcovers.com
 expires in 46 days.
The certificate for https://www.fanimationlighting.com
 expires in 155 days.
The certificate for https://www.fansunlimited.com
 expires in 130 days.
The certificate for https://www.hanoverlanternshop.com
 expires in 155 days.
The certificate for https://www.jamesmoderlights.com
 expires in 155 days.
The certificate for https://www.lightingandfanpros.com
 expires in 155 days.
The certificate for https://www.pendantlightingexperts.com
 expires in 155 days.
The certificate for https://www.thelightingshop.com
 expires in 191 days.
The certificate for https://www.thomaslightingshop.com
 expires in 155 days.
The certificate for https://www.1stopplumbingfixtures.com
 expires in -124 days.
The certificate for https://www.canadalightingexperts.com
 expires in 162 days.
The certificate for https://www.cclightingwarehouse.com
 expires in 98 days.
The certificate for https://www.houselightingdecor.com
 expires in 155 days.
The certificate for https://www.kichlerlightingcanada.com
 expires in 162 days.
The certificate for https://www.lunawarehouse.com
 expires in 155 days.
The certificate for https://www.transglobelightz.com
 expires in 196 days.
The certificate for https://www.1stoplightinginternational.com
 expires in 98 days.
The certificate for https://www.CeilingFanExperts.com
 expires in 193 days.
The certificate for https://www.crystallightingstyles.com
 expires in 240 days.
The certificate for https://www.kichlerlightingsales.com
 expires in 274 days.
The certificate for https://www.lightingdesignexperts.com
 expires in 155 days.
The certificate for https://www.lightingreboxed.com
 expires in 132 days.
The certificate for https://www.lightingroyalty.com
 expires in 162 days.
The certificate for https://www.outdoorlightingpros.com
 expires in 155 days.
The certificate for https://www.stylesoflighting.com
 expires in 155 days.
The certificate for https://www.vaxcellightinglights.com
 expires in 155 days.
The certificate for https://www.galtechumbrellasusa.com
 expires in 109 days.
The certificate for https://www.infratechheatersusa.com
 expires in 132 days.
The certificate for https://www.patioproductsusa.com
 expires in 162 days.
The certificate for https://www.wandaumbrellas.com
 expires in 110 days.
The certificate for https://www.yardoutlet.com
 expires in 237 days.
The certificate for https://www.1stoplighting.com
 expires in 150 days.
The certificate for https://www.directorchairsusa.com
 expires in 629 days.
The certificate for https://www.firepitusa.com
 expires in 305 days.
The certificate for https://www.hinkleylightinggallery.com
 expires in 5 days.
The certificate for https://www.kichlersuperstore.com
 expires in 5 days.
The certificate for https://www.lightingsale.com
 expires in 2 days.
The certificate for https://www.maximsuperstore.com
 expires in 1 days.
The certificate for https://www.patiofurniturecoversusa.com
 expires in 629 days.
The certificate for https://www.patioheatingusa.com
 expires in 630 days.
The certificate for https://www.patioumbrellausa.com
 expires in 375 days.
The certificate for https://www.shade-sails-usa.com
 expires in 135 days.
